Arguments: 
  C:\Program Files\nodejs\node.exe C:\Program Files (x86)\Yarn\bin\yarn.js add @cylejs/history

PATH: 
  C:\Users\swart\scoop\shims;C:\Program Files\ConEmu\ConEmu\Scripts;C:\Program Files\ConEmu;C:\Program Files\ConEmu\ConEmu;C:\Program Files\Docker\Docker\Resources\bin;C:\Program Files (x86)\Intel\iCLS Client\;C:\Program Files\Intel\iCLS Client\;C:\Python36\Scripts\;C:\Python36\;C:\Program Files\Haskell\bin;C:\Program Files\Haskell Platform\8.0.2-a\lib\extralibs\bin;C:\Program Files\Haskell Platform\8.0.2-a\bin;C:\Program Files (x86)\Razer Chroma SDK\bin;C:\Program Files\Razer Chroma SDK\bin;C:\Windows\system32;C:\Windows;C:\Windows\System32\Wbem;C:\Windows\System32\WindowsPowerShell\v1.0\;C:\Program Files (x86)\NVIDIA Corporation\PhysX\Common;C:\Users\Administrator\AppData\Local\Microsoft\WindowsApps;C:\Program Files\WindowsPowerShell\Scripts;C:\WINDOWS\system32;C:\WINDOWS;C:\WINDOWS\System32\Wbem;C:\WINDOWS\System32\WindowsPowerShell\v1.0\;C:\Program Files\Microsoft SQL Server\130\Tools\Binn\;C:\Program Files\dotnet\;C:\Program Files (x86)\GtkSharp\2.12\bin;C:\ProgramData\chocolatey\bin;C:\Program Files (x86)\Windows Kits\10\Windows Performance Toolkit\;C:\Program Files\Haskell Platform\8.0.2-a\mingw\bin;C:\Users\swart\scoop\apps\vim\current\vim80;C:\tools\go\bin;C:\Program Files\Git\cmd;C:\Program Files (x86)\Intel\Intel(R) Management Engine Components\DAL;C:\Program Files\Intel\Intel(R) Management Engine Components\DAL;C:\Program Files (x86)\Intel\Intel(R) Management Engine Components\IPT;C:\Program Files\Intel\Intel(R) Management Engine Components\IPT;C:\Program Files\nodejs\;C:\Program Files (x86)\Yarn\bin;C:\Users\swart\AppData\Roaming\cabal\bin;C:\Users\swart\AppData\Roaming\local\bin;C:\Users\swart\.cargo\bin;C:\Users\swart\scoop\shims;C:\Users\swart\AppData\Local\Microsoft\WindowsApps;C:\Users\swart\AppData\Local\Microsoft\WindowsApps;C:\Users\swart\AppData\Local\Google\Cloud SDK\google-cloud-sdk\bin;C:\tools\mingw64\bin;C:\ProgramData\chocolatey\lib\msys2;C:\tools\msys64;C:\Program Files\Microsoft VS Code\bin;C:\Users\swart\AppData\Roaming\npm;C:\Users\swart\AppData\Local\Yarn\bin;C:\Program Files (x86)\Git\bin;C:\Users\swart\.cargo\bin;C:\Program Files\Haskell Platform\8.0.2-a\bin\;C:\Go\bin;C:\Users\swart\work\go\bin

Yarn version: 
  1.2.1

Node version: 
  8.7.0

Platform: 
  win32 x64

npm manifest: 
  {
    "name": "sorts",
    "version": "1.0.0",
    "main": "index.js",
    "author": "Bjorn Tipling",
    "license": "Apache-2.0",
    "dependencies": {
      "@cycle/dom": "^20.1.0",
      "@types/core-js": "^0.9.43",
      "@types/node": "^8.0.53",
      "cycle-onionify": "^4.0.0",
      "cyclic-router": "^5.1.3",
      "ramda": "^0.25.0",
      "xstream": "^11.0.0"
    }
  }

yarn manifest: 
  No manifest

Lockfile: 
  # THIS IS AN AUTOGENERATED FILE. DO NOT EDIT THIS FILE DIRECTLY.
  # yarn lockfile v1
  
  
  "@cycle/dom@^20.1.0":
    version "20.1.0"
    resolved "https://registry.yarnpkg.com/@cycle/dom/-/dom-20.1.0.tgz#8707e8947106ab19ffda83a1adb494dbbaf5c3ff"
    dependencies:
      "@cycle/run" "4.0.0"
      es6-map "^0.1.4"
      snabbdom "0.7.0"
      snabbdom-selector "2.0.1"
      xstream "11.x"
  
  "@cycle/isolate@>=3":
    version "3.2.0"
    resolved "https://registry.yarnpkg.com/@cycle/isolate/-/isolate-3.2.0.tgz#8ffddb9b05cb9a4fbcf812794c0e5285af341051"
  
  "@cycle/run@*", "@cycle/run@4.0.0":
    version "4.0.0"
    resolved "https://registry.yarnpkg.com/@cycle/run/-/run-4.0.0.tgz#d48c5133cd783afdf7f9e37ce1c158b570d6c5f1"
    dependencies:
      xstream "10.x || 11.x"
  
  "@cycle/run@^3.1.0":
    version "3.4.0"
    resolved "https://registry.yarnpkg.com/@cycle/run/-/run-3.4.0.tgz#113844add669ace91d245842522f3733ba5bd393"
    dependencies:
      xstream "10.x || 11.x"
  
  "@types/core-js@^0.9.43":
    version "0.9.43"
    resolved "https://registry.yarnpkg.com/@types/core-js/-/core-js-0.9.43.tgz#65d646c5e8c0cd1bdee37065799f9d3d48748253"
  
  "@types/node@^8.0.53":
    version "8.0.53"
    resolved "https://registry.yarnpkg.com/@types/node/-/node-8.0.53.tgz#396b35af826fa66aad472c8cb7b8d5e277f4e6d8"
  
  cssauron2@^2.0.1:
    version "2.0.2"
    resolved "https://registry.yarnpkg.com/cssauron2/-/cssauron2-2.0.2.tgz#58edba4a9ab7a112e72e1d79542cc64a44f2c9dc"
    dependencies:
      through X.X.X
  
  cycle-onionify@^4.0.0:
    version "4.0.0"
    resolved "https://registry.yarnpkg.com/cycle-onionify/-/cycle-onionify-4.0.0.tgz#9aeddd88dedf6fda9fbb98b1e79ab38810b7ddda"
    dependencies:
      "@cycle/isolate" ">=3"
      "@cycle/run" "*"
      xstream ">=10"
  
  cyclic-router@^5.1.3:
    version "5.1.3"
    resolved "https://registry.yarnpkg.com/cyclic-router/-/cyclic-router-5.1.3.tgz#db1965d68bb9ac47141bc4f69e9c9edaa3ac37dc"
    dependencies:
      "@cycle/run" "^3.1.0"
  
  d@1:
    version "1.0.0"
    resolved "https://registry.yarnpkg.com/d/-/d-1.0.0.tgz#754bb5bfe55451da69a58b94d45f4c5b0462d58f"
    dependencies:
      es5-ext "^0.10.9"
  
  es5-ext@^0.10.35, es5-ext@^0.10.9, es5-ext@~0.10.14:
    version "0.10.35"
    resolved "https://registry.yarnpkg.com/es5-ext/-/es5-ext-0.10.35.tgz#18ee858ce6a3c45c7d79e91c15fcca9ec568494f"
    dependencies:
      es6-iterator "~2.0.1"
      es6-symbol "~3.1.1"
  
  es6-iterator@~2.0.1:
    version "2.0.3"
    resolved "https://registry.yarnpkg.com/es6-iterator/-/es6-iterator-2.0.3.tgz#a7de889141a05a94b0854403b2d0a0fbfa98f3b7"
    dependencies:
      d "1"
      es5-ext "^0.10.35"
      es6-symbol "^3.1.1"
  
  es6-map@^0.1.4:
    version "0.1.5"
    resolved "https://registry.yarnpkg.com/es6-map/-/es6-map-0.1.5.tgz#9136e0503dcc06a301690f0bb14ff4e364e949f0"
    dependencies:
      d "1"
      es5-ext "~0.10.14"
      es6-iterator "~2.0.1"
      es6-set "~0.1.5"
      es6-symbol "~3.1.1"
      event-emitter "~0.3.5"
  
  es6-set@~0.1.5:
    version "0.1.5"
    resolved "https://registry.yarnpkg.com/es6-set/-/es6-set-0.1.5.tgz#d2b3ec5d4d800ced818db538d28974db0a73ccb1"
    dependencies:
      d "1"
      es5-ext "~0.10.14"
      es6-iterator "~2.0.1"
      es6-symbol "3.1.1"
      event-emitter "~0.3.5"
  
  es6-symbol@3.1.1, es6-symbol@^3.1.1, es6-symbol@~3.1.1:
    version "3.1.1"
    resolved "https://registry.yarnpkg.com/es6-symbol/-/es6-symbol-3.1.1.tgz#bf00ef4fdab6ba1b46ecb7b629b4c7ed5715cc77"
    dependencies:
      d "1"
      es5-ext "~0.10.14"
  
  event-emitter@~0.3.5:
    version "0.3.5"
    resolved "https://registry.yarnpkg.com/event-emitter/-/event-emitter-0.3.5.tgz#df8c69eef1647923c7157b9ce83840610b02cc39"
    dependencies:
      d "1"
      es5-ext "~0.10.14"
  
  ramda@^0.25.0:
    version "0.25.0"
    resolved "https://registry.yarnpkg.com/ramda/-/ramda-0.25.0.tgz#8fdf68231cffa90bc2f9460390a0cb74a29b29a9"
  
  snabbdom-selector@2.0.1:
    version "2.0.1"
    resolved "https://registry.yarnpkg.com/snabbdom-selector/-/snabbdom-selector-2.0.1.tgz#50704b4802662198e427f0200dd461eb201d52c5"
    dependencies:
      cssauron2 "^2.0.1"
  
  snabbdom@0.7.0:
    version "0.7.0"
    resolved "https://registry.yarnpkg.com/snabbdom/-/snabbdom-0.7.0.tgz#c09e2baa0f8d43d306a3aa7502b62fdde2b4154e"
  
  symbol-observable@^1.0.4:
    version "1.0.4"
    resolved "https://registry.yarnpkg.com/symbol-observable/-/symbol-observable-1.0.4.tgz#29bf615d4aa7121bdd898b22d4b3f9bc4e2aa03d"
  
  through@X.X.X:
    version "2.3.8"
    resolved "https://registry.yarnpkg.com/through/-/through-2.3.8.tgz#0dd4c9ffaabc357960b1b724115d7e0e86a2e1f5"
  
  "xstream@10.x || 11.x", xstream@11.x, xstream@>=10, xstream@^11.0.0:
    version "11.0.0"
    resolved "https://registry.yarnpkg.com/xstream/-/xstream-11.0.0.tgz#2018c3c4e573f76b62b9cf96a17a46876ab120e0"
    dependencies:
      symbol-observable "^1.0.4"

Trace: 
  Error: https://registry.yarnpkg.com/@cylejs%2fhistory: Not found
      at Request.params.callback [as _callback] (C:\Program Files (x86)\Yarn\lib\cli.js:62027:18)
      at Request.self.callback (C:\Program Files (x86)\Yarn\lib\cli.js:123011:22)
      at emitTwo (events.js:125:13)
      at Request.emit (events.js:213:7)
      at Request.<anonymous> (C:\Program Files (x86)\Yarn\lib\cli.js:123994:10)
      at emitOne (events.js:115:13)
      at Request.emit (events.js:210:7)
      at IncomingMessage.<anonymous> (C:\Program Files (x86)\Yarn\lib\cli.js:123914:12)
      at Object.onceWrapper (events.js:314:30)
      at emitNone (events.js:110:20)
